package configuration for libxslt
cflags: -I/usr/include/libxml2
ldflags: 
libs: -lxslt -lxml2 -lz -lpthread -licucore -lm -lxml2

package configuration for libxml-2.0
cflags: -I/usr/include/libxml2
ldflags: 
libs: -lxml2

package configuration for libiconv is not found
find_header: checking for libxml/parser.h... -------------------- yes

"/usr/local/bin/gcc-4.9 -o conftest -I/Users/appledev021/.rvm/rubies/ruby-1.9.3-p551/include/ruby-1.9.1/x86_64-darwin14.5.0 -I/Users/appledev021/.rvm/rubies/ruby-1.9.3-p551/include/ruby-1.9.1/ruby/backward -I/Users/appledev021/.rvm/rubies/ruby-1.9.3-p551/include/ruby-1.9.1 -I. -I/usr/local/Cellar/libxml2/2.9.3/include/libxml2 -I/opt/local/include/libxml2 -I/usr/local/include/libxml2 -I/Users/appledev021/.rvm/rubies/ruby-1.9.3-p551/include/libxml2 -I/opt/local/include -I/usr/local/include -I/Users/appledev021/.rvm/rubies/ruby-1.9.3-p551/include -I/usr/include -I/usr/include/libxml2 -D_XOPEN_SOURCE -D_DARWIN_C_SOURCE   -I/usr/local/opt/libyaml/include -I/usr/local/opt/readline/include -I/usr/local/opt/libksba/include -I/usr/local/opt/openssl/include  -O3 -ggdb -Wall -Wextra -Wno-unused-parameter -Wno-parentheses -Wno-long-long -Wno-missing-field-initializers -Wpointer-arith -Wwrite-strings -Wdeclaration-after-statement -Wimplicit-function-declaration  -fno-common -pipe  -g -DXP_UNIX -O3 -Wall -Wcast-qual -Wwrite-strings -Wconversion -Wmissing-noreturn -Winline -I/usr/include/libxml2 -I/usr/include/libxml2 conftest.c  -L. -L/Users/appledev021/.rvm/rubies/ruby-1.9.3-p551/lib -L/usr/local/Cellar/libxml2/2.9.3/lib -L/opt/local/lib -L/usr/local/lib -L/Users/appledev021/.rvm/rubies/ruby-1.9.3-p551/lib -L/usr/lib -L/usr/local/opt/libyaml/lib -L/usr/local/opt/readline/lib -L/usr/local/opt/libksba/lib -L/usr/local/opt/openssl/lib -L. -L/usr/local/lib -L/usr/local/opt/libyaml/lib -L/usr/local/opt/readline/lib -L/usr/local/opt/libksba/lib -L/usr/local/opt/openssl/lib        -lxslt -lxml2 -lz -lpthread -licucore -lm -lxml2 -lxml2 -lruby.1.9.1  -lpthread -ldl -lobjc  "
ld: warning: directory not found for option '-L/usr/local/Cellar/libxml2/2.9.3/lib'
ld: warning: directory not found for option '-L/opt/local/lib'
checked program was:
/* begin */
1: #include "ruby.h"
2: 
3: int main(int argc, char **argv)
4: {
5:   return 0;
6: }
/* end */

"/usr/local/bin/gcc-4.9 -E -I/Users/appledev021/.rvm/rubies/ruby-1.9.3-p551/include/ruby-1.9.1/x86_64-darwin14.5.0 -I/Users/appledev021/.rvm/rubies/ruby-1.9.3-p551/include/ruby-1.9.1/ruby/backward -I/Users/appledev021/.rvm/rubies/ruby-1.9.3-p551/include/ruby-1.9.1 -I. -I/usr/local/Cellar/libxml2/2.9.3/include/libxml2 -I/opt/local/include/libxml2 -I/usr/local/include/libxml2 -I/Users/appledev021/.rvm/rubies/ruby-1.9.3-p551/include/libxml2 -I/opt/local/include -I/usr/local/include -I/Users/appledev021/.rvm/rubies/ruby-1.9.3-p551/include -I/usr/include -I/usr/include/libxml2 -D_XOPEN_SOURCE -D_DARWIN_C_SOURCE   -I/usr/local/opt/libyaml/include -I/usr/local/opt/readline/include -I/usr/local/opt/libksba/include -I/usr/local/opt/openssl/include  -O3 -ggdb -Wall -Wextra -Wno-unused-parameter -Wno-parentheses -Wno-long-long -Wno-missing-field-initializers -Wpointer-arith -Wwrite-strings -Wdeclaration-after-statement -Wimplicit-function-declaration  -fno-common -pipe  -g -DXP_UNIX -O3 -Wall -Wcast-qual -Wwrite-strings -Wconversion -Wmissing-noreturn -Winline -I/usr/include/libxml2 -I/usr/include/libxml2  conftest.c -o conftest.i"
checked program was:
/* begin */
1: #include "ruby.h"
2: 
3: #include <libxml/parser.h>
/* end */

--------------------

find_header: checking for libxslt/xslt.h... -------------------- yes

"/usr/local/bin/gcc-4.9 -E -I/Users/appledev021/.rvm/rubies/ruby-1.9.3-p551/include/ruby-1.9.1/x86_64-darwin14.5.0 -I/Users/appledev021/.rvm/rubies/ruby-1.9.3-p551/include/ruby-1.9.1/ruby/backward -I/Users/appledev021/.rvm/rubies/ruby-1.9.3-p551/include/ruby-1.9.1 -I. -I/usr/local/Cellar/libxml2/2.9.3/include/libxml2 -I/opt/local/include/libxml2 -I/usr/local/include/libxml2 -I/Users/appledev021/.rvm/rubies/ruby-1.9.3-p551/include/libxml2 -I/opt/local/include -I/usr/local/include -I/Users/appledev021/.rvm/rubies/ruby-1.9.3-p551/include -I/usr/include -I/usr/include/libxml2 -D_XOPEN_SOURCE -D_DARWIN_C_SOURCE   -I/usr/local/opt/libyaml/include -I/usr/local/opt/readline/include -I/usr/local/opt/libksba/include -I/usr/local/opt/openssl/include  -O3 -ggdb -Wall -Wextra -Wno-unused-parameter -Wno-parentheses -Wno-long-long -Wno-missing-field-initializers -Wpointer-arith -Wwrite-strings -Wdeclaration-after-statement -Wimplicit-function-declaration  -fno-common -pipe  -g -DXP_UNIX -O3 -Wall -Wcast-qual -Wwrite-strings -Wconversion -Wmissing-noreturn -Winline -I/usr/include/libxml2 -I/usr/include/libxml2  conftest.c -o conftest.i"
checked program was:
/* begin */
1: #include "ruby.h"
2: 
3: #include <libxslt/xslt.h>
/* end */

--------------------

find_header: checking for libexslt/exslt.h... -------------------- yes

"/usr/local/bin/gcc-4.9 -E -I/Users/appledev021/.rvm/rubies/ruby-1.9.3-p551/include/ruby-1.9.1/x86_64-darwin14.5.0 -I/Users/appledev021/.rvm/rubies/ruby-1.9.3-p551/include/ruby-1.9.1/ruby/backward -I/Users/appledev021/.rvm/rubies/ruby-1.9.3-p551/include/ruby-1.9.1 -I. -I/usr/local/Cellar/libxml2/2.9.3/include/libxml2 -I/opt/local/include/libxml2 -I/usr/local/include/libxml2 -I/Users/appledev021/.rvm/rubies/ruby-1.9.3-p551/include/libxml2 -I/opt/local/include -I/usr/local/include -I/Users/appledev021/.rvm/rubies/ruby-1.9.3-p551/include -I/usr/include -I/usr/include/libxml2 -D_XOPEN_SOURCE -D_DARWIN_C_SOURCE   -I/usr/local/opt/libyaml/include -I/usr/local/opt/readline/include -I/usr/local/opt/libksba/include -I/usr/local/opt/openssl/include  -O3 -ggdb -Wall -Wextra -Wno-unused-parameter -Wno-parentheses -Wno-long-long -Wno-missing-field-initializers -Wpointer-arith -Wwrite-strings -Wdeclaration-after-statement -Wimplicit-function-declaration  -fno-common -pipe  -g -DXP_UNIX -O3 -Wall -Wcast-qual -Wwrite-strings -Wconversion -Wmissing-noreturn -Winline -I/usr/include/libxml2 -I/usr/include/libxml2  conftest.c -o conftest.i"
checked program was:
/* begin */
1: #include "ruby.h"
2: 
3: #include <libexslt/exslt.h>
/* end */

--------------------

have_func: checking for iconv_open() in iconv.h... -------------------- no

"/usr/local/bin/gcc-4.9 -o conftest -I/Users/appledev021/.rvm/rubies/ruby-1.9.3-p551/include/ruby-1.9.1/x86_64-darwin14.5.0 -I/Users/appledev021/.rvm/rubies/ruby-1.9.3-p551/include/ruby-1.9.1/ruby/backward -I/Users/appledev021/.rvm/rubies/ruby-1.9.3-p551/include/ruby-1.9.1 -I. -I/usr/local/Cellar/libxml2/2.9.3/include/libxml2 -I/opt/local/include/libxml2 -I/usr/local/include/libxml2 -I/Users/appledev021/.rvm/rubies/ruby-1.9.3-p551/include/libxml2 -I/opt/local/include -I/usr/local/include -I/Users/appledev021/.rvm/rubies/ruby-1.9.3-p551/include -I/usr/include -I/usr/include/libxml2 -D_XOPEN_SOURCE -D_DARWIN_C_SOURCE   -I/usr/local/opt/libyaml/include -I/usr/local/opt/readline/include -I/usr/local/opt/libksba/include -I/usr/local/opt/openssl/include  -O3 -ggdb -Wall -Wextra -Wno-unused-parameter -Wno-parentheses -Wno-long-long -Wno-missing-field-initializers -Wpointer-arith -Wwrite-strings -Wdeclaration-after-statement -Wimplicit-function-declaration  -fno-common -pipe  -g -DXP_UNIX -O3 -Wall -Wcast-qual -Wwrite-strings -Wconversion -Wmissing-noreturn -Winline -I/usr/include/libxml2 -I/usr/include/libxml2 conftest.c  -L. -L/Users/appledev021/.rvm/rubies/ruby-1.9.3-p551/lib -L/usr/local/Cellar/libxml2/2.9.3/lib -L/opt/local/lib -L/usr/local/lib -L/Users/appledev021/.rvm/rubies/ruby-1.9.3-p551/lib -L/usr/lib -L/usr/local/opt/libyaml/lib -L/usr/local/opt/readline/lib -L/usr/local/opt/libksba/lib -L/usr/local/opt/openssl/lib -L. -L/usr/local/lib -L/usr/local/opt/libyaml/lib -L/usr/local/opt/readline/lib -L/usr/local/opt/libksba/lib -L/usr/local/opt/openssl/lib        -lxslt -lxml2 -lz -lpthread -licucore -lm -lxml2 -lxml2 -lruby.1.9.1  -lxslt -lxml2 -lz -lpthread -licucore -lm -lxml2 -lxml2 -lpthread -ldl -lobjc  "
conftest.c: In function 't':
conftest.c:6:28: warning: variable 'p' set but not used [-Wunused-but-set-variable]
 int t() { void ((*volatile p)()); p = (void ((*)()))iconv_open; return 0; }
                            ^
ld: warning: directory not found for option '-L/usr/local/Cellar/libxml2/2.9.3/lib'
ld: warning: directory not found for option '-L/opt/local/lib'
Undefined symbols for architecture x86_64:
  "_iconv_open", referenced from:
      _t in ccypmORi.o
ld: symbol(s) not found for architecture x86_64
collect2: error: ld returned 1 exit status
checked program was:
/* begin */
 1: #include "ruby.h"
 2: 
 3: #include <iconv.h>
 4: 
 5: /*top*/
 6: int t() { void ((*volatile p)()); p = (void ((*)()))iconv_open; return 0; }
 7: int main(int argc, char **argv)
 8: {
 9:   if (argc > 1000000) {
10:     printf("%p", &t);
11:   }
12: 
13:   return 0;
14: }
/* end */

"/usr/local/bin/gcc-4.9 -o conftest -I/Users/appledev021/.rvm/rubies/ruby-1.9.3-p551/include/ruby-1.9.1/x86_64-darwin14.5.0 -I/Users/appledev021/.rvm/rubies/ruby-1.9.3-p551/include/ruby-1.9.1/ruby/backward -I/Users/appledev021/.rvm/rubies/ruby-1.9.3-p551/include/ruby-1.9.1 -I. -I/usr/local/Cellar/libxml2/2.9.3/include/libxml2 -I/opt/local/include/libxml2 -I/usr/local/include/libxml2 -I/Users/appledev021/.rvm/rubies/ruby-1.9.3-p551/include/libxml2 -I/opt/local/include -I/usr/local/include -I/Users/appledev021/.rvm/rubies/ruby-1.9.3-p551/include -I/usr/include -I/usr/include/libxml2 -D_XOPEN_SOURCE -D_DARWIN_C_SOURCE   -I/usr/local/opt/libyaml/include -I/usr/local/opt/readline/include -I/usr/local/opt/libksba/include -I/usr/local/opt/openssl/include  -O3 -ggdb -Wall -Wextra -Wno-unused-parameter -Wno-parentheses -Wno-long-long -Wno-missing-field-initializers -Wpointer-arith -Wwrite-strings -Wdeclaration-after-statement -Wimplicit-function-declaration  -fno-common -pipe  -g -DXP_UNIX -O3 -Wall -Wcast-qual -Wwrite-strings -Wconversion -Wmissing-noreturn -Winline -I/usr/include/libxml2 -I/usr/include/libxml2 conftest.c  -L. -L/Users/appledev021/.rvm/rubies/ruby-1.9.3-p551/lib -L/usr/local/Cellar/libxml2/2.9.3/lib -L/opt/local/lib -L/usr/local/lib -L/Users/appledev021/.rvm/rubies/ruby-1.9.3-p551/lib -L/usr/lib -L/usr/local/opt/libyaml/lib -L/usr/local/opt/readline/lib -L/usr/local/opt/libksba/lib -L/usr/local/opt/openssl/lib -L. -L/usr/local/lib -L/usr/local/opt/libyaml/lib -L/usr/local/opt/readline/lib -L/usr/local/opt/libksba/lib -L/usr/local/opt/openssl/lib        -lxslt -lxml2 -lz -lpthread -licucore -lm -lxml2 -lxml2 -lruby.1.9.1  -lxslt -lxml2 -lz -lpthread -licucore -lm -lxml2 -lxml2 -lpthread -ldl -lobjc  "
conftest.c: In function 't':
conftest.c:6:11: error: too few arguments to function 'iconv_open'
 int t() { iconv_open(); return 0; }
           ^
In file included from conftest.c:3:0:
/usr/include/iconv.h:62:9: note: declared here
 iconv_t iconv_open (const char* /*tocode*/, const char* /*fromcode*/);
         ^
checked program was:
/* begin */
 1: #include "ruby.h"
 2: 
 3: #include <iconv.h>
 4: 
 5: /*top*/
 6: int t() { iconv_open(); return 0; }
 7: int main(int argc, char **argv)
 8: {
 9:   if (argc > 1000000) {
10:     printf("%p", &t);
11:   }
12: 
13:   return 0;
14: }
/* end */

--------------------

have_library: checking for iconv_open() in -liconv... -------------------- yes

"/usr/local/bin/gcc-4.9 -o conftest -I/Users/appledev021/.rvm/rubies/ruby-1.9.3-p551/include/ruby-1.9.1/x86_64-darwin14.5.0 -I/Users/appledev021/.rvm/rubies/ruby-1.9.3-p551/include/ruby-1.9.1/ruby/backward -I/Users/appledev021/.rvm/rubies/ruby-1.9.3-p551/include/ruby-1.9.1 -I. -I/usr/local/Cellar/libxml2/2.9.3/include/libxml2 -I/opt/local/include/libxml2 -I/usr/local/include/libxml2 -I/Users/appledev021/.rvm/rubies/ruby-1.9.3-p551/include/libxml2 -I/opt/local/include -I/usr/local/include -I/Users/appledev021/.rvm/rubies/ruby-1.9.3-p551/include -I/usr/include -I/usr/include/libxml2 -D_XOPEN_SOURCE -D_DARWIN_C_SOURCE   -I/usr/local/opt/libyaml/include -I/usr/local/opt/readline/include -I/usr/local/opt/libksba/include -I/usr/local/opt/openssl/include  -O3 -ggdb -Wall -Wextra -Wno-unused-parameter -Wno-parentheses -Wno-long-long -Wno-missing-field-initializers -Wpointer-arith -Wwrite-strings -Wdeclaration-after-statement -Wimplicit-function-declaration  -fno-common -pipe  -g -DXP_UNIX -O3 -Wall -Wcast-qual -Wwrite-strings -Wconversion -Wmissing-noreturn -Winline -I/usr/include/libxml2 -I/usr/include/libxml2 conftest.c  -L. -L/Users/appledev021/.rvm/rubies/ruby-1.9.3-p551/lib -L/usr/local/Cellar/libxml2/2.9.3/lib -L/opt/local/lib -L/usr/local/lib -L/Users/appledev021/.rvm/rubies/ruby-1.9.3-p551/lib -L/usr/lib -L/usr/local/opt/libyaml/lib -L/usr/local/opt/readline/lib -L/usr/local/opt/libksba/lib -L/usr/local/opt/openssl/lib -L. -L/usr/local/lib -L/usr/local/opt/libyaml/lib -L/usr/local/opt/readline/lib -L/usr/local/opt/libksba/lib -L/usr/local/opt/openssl/lib        -lxslt -lxml2 -lz -lpthread -licucore -lm -lxml2 -lxml2 -lruby.1.9.1 -liconv  -lxslt -lxml2 -lz -lpthread -licucore -lm -lxml2 -lxml2 -lpthread -ldl -lobjc  "
conftest.c: In function 't':
conftest.c:6:28: warning: variable 'p' set but not used [-Wunused-but-set-variable]
 int t() { void ((*volatile p)()); p = (void ((*)()))iconv_open; return 0; }
                            ^
ld: warning: directory not found for option '-L/usr/local/Cellar/libxml2/2.9.3/lib'
ld: warning: directory not found for option '-L/opt/local/lib'
checked program was:
/* begin */
 1: #include "ruby.h"
 2: 
 3: #include <iconv.h>
 4: 
 5: /*top*/
 6: int t() { void ((*volatile p)()); p = (void ((*)()))iconv_open; return 0; }
 7: int main(int argc, char **argv)
 8: {
 9:   if (argc > 1000000) {
10:     printf("%p", &t);
11:   }
12: 
13:   return 0;
14: }
/* end */

--------------------

find_library: checking for xmlParseDoc() in -lxml2... -------------------- yes

"/usr/local/bin/gcc-4.9 -o conftest -I/Users/appledev021/.rvm/rubies/ruby-1.9.3-p551/include/ruby-1.9.1/x86_64-darwin14.5.0 -I/Users/appledev021/.rvm/rubies/ruby-1.9.3-p551/include/ruby-1.9.1/ruby/backward -I/Users/appledev021/.rvm/rubies/ruby-1.9.3-p551/include/ruby-1.9.1 -I. -I/usr/local/Cellar/libxml2/2.9.3/include/libxml2 -I/opt/local/include/libxml2 -I/usr/local/include/libxml2 -I/Users/appledev021/.rvm/rubies/ruby-1.9.3-p551/include/libxml2 -I/opt/local/include -I/usr/local/include -I/Users/appledev021/.rvm/rubies/ruby-1.9.3-p551/include -I/usr/include -I/usr/include/libxml2 -D_XOPEN_SOURCE -D_DARWIN_C_SOURCE   -I/usr/local/opt/libyaml/include -I/usr/local/opt/readline/include -I/usr/local/opt/libksba/include -I/usr/local/opt/openssl/include  -O3 -ggdb -Wall -Wextra -Wno-unused-parameter -Wno-parentheses -Wno-long-long -Wno-missing-field-initializers -Wpointer-arith -Wwrite-strings -Wdeclaration-after-statement -Wimplicit-function-declaration  -fno-common -pipe  -g -DXP_UNIX -O3 -Wall -Wcast-qual -Wwrite-strings -Wconversion -Wmissing-noreturn -Winline -I/usr/include/libxml2 -I/usr/include/libxml2 conftest.c  -L. -L/Users/appledev021/.rvm/rubies/ruby-1.9.3-p551/lib -L/usr/local/Cellar/libxml2/2.9.3/lib -L/opt/local/lib -L/usr/local/lib -L/Users/appledev021/.rvm/rubies/ruby-1.9.3-p551/lib -L/usr/lib -L/usr/local/opt/libyaml/lib -L/usr/local/opt/readline/lib -L/usr/local/opt/libksba/lib -L/usr/local/opt/openssl/lib -L. -L/usr/local/lib -L/usr/local/opt/libyaml/lib -L/usr/local/opt/readline/lib -L/usr/local/opt/libksba/lib -L/usr/local/opt/openssl/lib       -liconv  -lxslt -lxml2 -lz -lpthread -licucore -lm -lxml2 -lxml2 -lruby.1.9.1 -lxml2 -liconv  -lxslt -lxml2 -lz -lpthread -licucore -lm -lxml2 -lxml2 -lpthread -ldl -lobjc  "
conftest.c: In function 't':
conftest.c:4:53: error: 'xmlParseDoc' undeclared (first use in this function)
 int t() { void ((*volatile p)()); p = (void ((*)()))xmlParseDoc; return 0; }
                                                     ^
conftest.c:4:53: note: each undeclared identifier is reported only once for each function it appears in
conftest.c:4:28: warning: variable 'p' set but not used [-Wunused-but-set-variable]
 int t() { void ((*volatile p)()); p = (void ((*)()))xmlParseDoc; return 0; }
                            ^
checked program was:
/* begin */
 1: #include "ruby.h"
 2: 
 3: /*top*/
 4: int t() { void ((*volatile p)()); p = (void ((*)()))xmlParseDoc; return 0; }
 5: int main(int argc, char **argv)
 6: {
 7:   if (argc > 1000000) {
 8:     printf("%p", &t);
 9:   }
10: 
11:   return 0;
12: }
/* end */

"/usr/local/bin/gcc-4.9 -o conftest -I/Users/appledev021/.rvm/rubies/ruby-1.9.3-p551/include/ruby-1.9.1/x86_64-darwin14.5.0 -I/Users/appledev021/.rvm/rubies/ruby-1.9.3-p551/include/ruby-1.9.1/ruby/backward -I/Users/appledev021/.rvm/rubies/ruby-1.9.3-p551/include/ruby-1.9.1 -I. -I/usr/local/Cellar/libxml2/2.9.3/include/libxml2 -I/opt/local/include/libxml2 -I/usr/local/include/libxml2 -I/Users/appledev021/.rvm/rubies/ruby-1.9.3-p551/include/libxml2 -I/opt/local/include -I/usr/local/include -I/Users/appledev021/.rvm/rubies/ruby-1.9.3-p551/include -I/usr/include -I/usr/include/libxml2 -D_XOPEN_SOURCE -D_DARWIN_C_SOURCE   -I/usr/local/opt/libyaml/include -I/usr/local/opt/readline/include -I/usr/local/opt/libksba/include -I/usr/local/opt/openssl/include  -O3 -ggdb -Wall -Wextra -Wno-unused-parameter -Wno-parentheses -Wno-long-long -Wno-missing-field-initializers -Wpointer-arith -Wwrite-strings -Wdeclaration-after-statement -Wimplicit-function-declaration  -fno-common -pipe  -g -DXP_UNIX -O3 -Wall -Wcast-qual -Wwrite-strings -Wconversion -Wmissing-noreturn -Winline -I/usr/include/libxml2 -I/usr/include/libxml2 conftest.c  -L. -L/Users/appledev021/.rvm/rubies/ruby-1.9.3-p551/lib -L/usr/local/Cellar/libxml2/2.9.3/lib -L/opt/local/lib -L/usr/local/lib -L/Users/appledev021/.rvm/rubies/ruby-1.9.3-p551/lib -L/usr/lib -L/usr/local/opt/libyaml/lib -L/usr/local/opt/readline/lib -L/usr/local/opt/libksba/lib -L/usr/local/opt/openssl/lib -L. -L/usr/local/lib -L/usr/local/opt/libyaml/lib -L/usr/local/opt/readline/lib -L/usr/local/opt/libksba/lib -L/usr/local/opt/openssl/lib       -liconv  -lxslt -lxml2 -lz -lpthread -licucore -lm -lxml2 -lxml2 -lruby.1.9.1 -lxml2 -liconv  -lxslt -lxml2 -lz -lpthread -licucore -lm -lxml2 -lxml2 -lpthread -ldl -lobjc  "
conftest.c: In function 't':
conftest.c:4:1: warning: implicit declaration of function 'xmlParseDoc' [-Wimplicit-function-declaration]
 int t() { xmlParseDoc(); return 0; }
 ^
ld: warning: directory not found for option '-L/usr/local/Cellar/libxml2/2.9.3/lib'
ld: warning: directory not found for option '-L/opt/local/lib'
checked program was:
/* begin */
 1: #include "ruby.h"
 2: 
 3: /*top*/
 4: int t() { xmlParseDoc(); return 0; }
 5: int main(int argc, char **argv)
 6: {
 7:   if (argc > 1000000) {
 8:     printf("%p", &t);
 9:   }
10: 
11:   return 0;
12: }
/* end */

--------------------

find_library: checking for xsltParseStylesheetDoc() in -lxslt... -------------------- yes

"/usr/local/bin/gcc-4.9 -o conftest -I/Users/appledev021/.rvm/rubies/ruby-1.9.3-p551/include/ruby-1.9.1/x86_64-darwin14.5.0 -I/Users/appledev021/.rvm/rubies/ruby-1.9.3-p551/include/ruby-1.9.1/ruby/backward -I/Users/appledev021/.rvm/rubies/ruby-1.9.3-p551/include/ruby-1.9.1 -I. -I/usr/local/Cellar/libxml2/2.9.3/include/libxml2 -I/opt/local/include/libxml2 -I/usr/local/include/libxml2 -I/Users/appledev021/.rvm/rubies/ruby-1.9.3-p551/include/libxml2 -I/opt/local/include -I/usr/local/include -I/Users/appledev021/.rvm/rubies/ruby-1.9.3-p551/include -I/usr/include -I/usr/include/libxml2 -D_XOPEN_SOURCE -D_DARWIN_C_SOURCE   -I/usr/local/opt/libyaml/include -I/usr/local/opt/readline/include -I/usr/local/opt/libksba/include -I/usr/local/opt/openssl/include  -O3 -ggdb -Wall -Wextra -Wno-unused-parameter -Wno-parentheses -Wno-long-long -Wno-missing-field-initializers -Wpointer-arith -Wwrite-strings -Wdeclaration-after-statement -Wimplicit-function-declaration  -fno-common -pipe  -g -DXP_UNIX -O3 -Wall -Wcast-qual -Wwrite-strings -Wconversion -Wmissing-noreturn -Winline -I/usr/include/libxml2 -I/usr/include/libxml2 conftest.c  -L. -L/Users/appledev021/.rvm/rubies/ruby-1.9.3-p551/lib -L/usr/local/Cellar/libxml2/2.9.3/lib -L/opt/local/lib -L/usr/local/lib -L/Users/appledev021/.rvm/rubies/ruby-1.9.3-p551/lib -L/usr/lib -L/usr/local/opt/libyaml/lib -L/usr/local/opt/readline/lib -L/usr/local/opt/libksba/lib -L/usr/local/opt/openssl/lib -L. -L/usr/local/lib -L/usr/local/opt/libyaml/lib -L/usr/local/opt/readline/lib -L/usr/local/opt/libksba/lib -L/usr/local/opt/openssl/lib       -lxml2 -liconv  -lxslt -lxml2 -lz -lpthread -licucore -lm -lxml2 -lxml2 -lruby.1.9.1 -lxslt -lxml2 -liconv  -lxslt -lxml2 -lz -lpthread -licucore -lm -lxml2 -lxml2 -lpthread -ldl -lobjc  "
conftest.c: In function 't':
conftest.c:4:53: error: 'xsltParseStylesheetDoc' undeclared (first use in this function)
 int t() { void ((*volatile p)()); p = (void ((*)()))xsltParseStylesheetDoc; return 0; }
                                                     ^
conftest.c:4:53: note: each undeclared identifier is reported only once for each function it appears in
conftest.c:4:28: warning: variable 'p' set but not used [-Wunused-but-set-variable]
 int t() { void ((*volatile p)()); p = (void ((*)()))xsltParseStylesheetDoc; return 0; }
                            ^
checked program was:
/* begin */
 1: #include "ruby.h"
 2: 
 3: /*top*/
 4: int t() { void ((*volatile p)()); p = (void ((*)()))xsltParseStylesheetDoc; return 0; }
 5: int main(int argc, char **argv)
 6: {
 7:   if (argc > 1000000) {
 8:     printf("%p", &t);
 9:   }
10: 
11:   return 0;
12: }
/* end */

"/usr/local/bin/gcc-4.9 -o conftest -I/Users/appledev021/.rvm/rubies/ruby-1.9.3-p551/include/ruby-1.9.1/x86_64-darwin14.5.0 -I/Users/appledev021/.rvm/rubies/ruby-1.9.3-p551/include/ruby-1.9.1/ruby/backward -I/Users/appledev021/.rvm/rubies/ruby-1.9.3-p551/include/ruby-1.9.1 -I. -I/usr/local/Cellar/libxml2/2.9.3/include/libxml2 -I/opt/local/include/libxml2 -I/usr/local/include/libxml2 -I/Users/appledev021/.rvm/rubies/ruby-1.9.3-p551/include/libxml2 -I/opt/local/include -I/usr/local/include -I/Users/appledev021/.rvm/rubies/ruby-1.9.3-p551/include -I/usr/include -I/usr/include/libxml2 -D_XOPEN_SOURCE -D_DARWIN_C_SOURCE   -I/usr/local/opt/libyaml/include -I/usr/local/opt/readline/include -I/usr/local/opt/libksba/include -I/usr/local/opt/openssl/include  -O3 -ggdb -Wall -Wextra -Wno-unused-parameter -Wno-parentheses -Wno-long-long -Wno-missing-field-initializers -Wpointer-arith -Wwrite-strings -Wdeclaration-after-statement -Wimplicit-function-declaration  -fno-common -pipe  -g -DXP_UNIX -O3 -Wall -Wcast-qual -Wwrite-strings -Wconversion -Wmissing-noreturn -Winline -I/usr/include/libxml2 -I/usr/include/libxml2 conftest.c  -L. -L/Users/appledev021/.rvm/rubies/ruby-1.9.3-p551/lib -L/usr/local/Cellar/libxml2/2.9.3/lib -L/opt/local/lib -L/usr/local/lib -L/Users/appledev021/.rvm/rubies/ruby-1.9.3-p551/lib -L/usr/lib -L/usr/local/opt/libyaml/lib -L/usr/local/opt/readline/lib -L/usr/local/opt/libksba/lib -L/usr/local/opt/openssl/lib -L. -L/usr/local/lib -L/usr/local/opt/libyaml/lib -L/usr/local/opt/readline/lib -L/usr/local/opt/libksba/lib -L/usr/local/opt/openssl/lib       -lxml2 -liconv  -lxslt -lxml2 -lz -lpthread -licucore -lm -lxml2 -lxml2 -lruby.1.9.1 -lxslt -lxml2 -liconv  -lxslt -lxml2 -lz -lpthread -licucore -lm -lxml2 -lxml2 -lpthread -ldl -lobjc  "
conftest.c: In function 't':
conftest.c:4:1: warning: implicit declaration of function 'xsltParseStylesheetDoc' [-Wimplicit-function-declaration]
 int t() { xsltParseStylesheetDoc(); return 0; }
 ^
ld: warning: directory not found for option '-L/usr/local/Cellar/libxml2/2.9.3/lib'
ld: warning: directory not found for option '-L/opt/local/lib'
checked program was:
/* begin */
 1: #include "ruby.h"
 2: 
 3: /*top*/
 4: int t() { xsltParseStylesheetDoc(); return 0; }
 5: int main(int argc, char **argv)
 6: {
 7:   if (argc > 1000000) {
 8:     printf("%p", &t);
 9:   }
10: 
11:   return 0;
12: }
/* end */

--------------------

find_library: checking for exsltFuncRegister() in -lexslt... -------------------- yes

"/usr/local/bin/gcc-4.9 -o conftest -I/Users/appledev021/.rvm/rubies/ruby-1.9.3-p551/include/ruby-1.9.1/x86_64-darwin14.5.0 -I/Users/appledev021/.rvm/rubies/ruby-1.9.3-p551/include/ruby-1.9.1/ruby/backward -I/Users/appledev021/.rvm/rubies/ruby-1.9.3-p551/include/ruby-1.9.1 -I. -I/usr/local/Cellar/libxml2/2.9.3/include/libxml2 -I/opt/local/include/libxml2 -I/usr/local/include/libxml2 -I/Users/appledev021/.rvm/rubies/ruby-1.9.3-p551/include/libxml2 -I/opt/local/include -I/usr/local/include -I/Users/appledev021/.rvm/rubies/ruby-1.9.3-p551/include -I/usr/include -I/usr/include/libxml2 -D_XOPEN_SOURCE -D_DARWIN_C_SOURCE   -I/usr/local/opt/libyaml/include -I/usr/local/opt/readline/include -I/usr/local/opt/libksba/include -I/usr/local/opt/openssl/include  -O3 -ggdb -Wall -Wextra -Wno-unused-parameter -Wno-parentheses -Wno-long-long -Wno-missing-field-initializers -Wpointer-arith -Wwrite-strings -Wdeclaration-after-statement -Wimplicit-function-declaration  -fno-common -pipe  -g -DXP_UNIX -O3 -Wall -Wcast-qual -Wwrite-strings -Wconversion -Wmissing-noreturn -Winline -I/usr/include/libxml2 -I/usr/include/libxml2 conftest.c  -L. -L/Users/appledev021/.rvm/rubies/ruby-1.9.3-p551/lib -L/usr/local/Cellar/libxml2/2.9.3/lib -L/opt/local/lib -L/usr/local/lib -L/Users/appledev021/.rvm/rubies/ruby-1.9.3-p551/lib -L/usr/lib -L/usr/local/opt/libyaml/lib -L/usr/local/opt/readline/lib -L/usr/local/opt/libksba/lib -L/usr/local/opt/openssl/lib -L. -L/usr/local/lib -L/usr/local/opt/libyaml/lib -L/usr/local/opt/readline/lib -L/usr/local/opt/libksba/lib -L/usr/local/opt/openssl/lib       -lxslt -lxml2 -liconv  -lxslt -lxml2 -lz -lpthread -licucore -lm -lxml2 -lxml2 -lruby.1.9.1 -lexslt -lxslt -lxml2 -liconv  -lxslt -lxml2 -lz -lpthread -licucore -lm -lxml2 -lxml2 -lpthread -ldl -lobjc  "
conftest.c: In function 't':
conftest.c:4:53: error: 'exsltFuncRegister' undeclared (first use in this function)
 int t() { void ((*volatile p)()); p = (void ((*)()))exsltFuncRegister; return 0; }
                                                     ^
conftest.c:4:53: note: each undeclared identifier is reported only once for each function it appears in
conftest.c:4:28: warning: variable 'p' set but not used [-Wunused-but-set-variable]
 int t() { void ((*volatile p)()); p = (void ((*)()))exsltFuncRegister; return 0; }
                            ^
checked program was:
/* begin */
 1: #include "ruby.h"
 2: 
 3: /*top*/
 4: int t() { void ((*volatile p)()); p = (void ((*)()))exsltFuncRegister; return 0; }
 5: int main(int argc, char **argv)
 6: {
 7:   if (argc > 1000000) {
 8:     printf("%p", &t);
 9:   }
10: 
11:   return 0;
12: }
/* end */

"/usr/local/bin/gcc-4.9 -o conftest -I/Users/appledev021/.rvm/rubies/ruby-1.9.3-p551/include/ruby-1.9.1/x86_64-darwin14.5.0 -I/Users/appledev021/.rvm/rubies/ruby-1.9.3-p551/include/ruby-1.9.1/ruby/backward -I/Users/appledev021/.rvm/rubies/ruby-1.9.3-p551/include/ruby-1.9.1 -I. -I/usr/local/Cellar/libxml2/2.9.3/include/libxml2 -I/opt/local/include/libxml2 -I/usr/local/include/libxml2 -I/Users/appledev021/.rvm/rubies/ruby-1.9.3-p551/include/libxml2 -I/opt/local/include -I/usr/local/include -I/Users/appledev021/.rvm/rubies/ruby-1.9.3-p551/include -I/usr/include -I/usr/include/libxml2 -D_XOPEN_SOURCE -D_DARWIN_C_SOURCE   -I/usr/local/opt/libyaml/include -I/usr/local/opt/readline/include -I/usr/local/opt/libksba/include -I/usr/local/opt/openssl/include  -O3 -ggdb -Wall -Wextra -Wno-unused-parameter -Wno-parentheses -Wno-long-long -Wno-missing-field-initializers -Wpointer-arith -Wwrite-strings -Wdeclaration-after-statement -Wimplicit-function-declaration  -fno-common -pipe  -g -DXP_UNIX -O3 -Wall -Wcast-qual -Wwrite-strings -Wconversion -Wmissing-noreturn -Winline -I/usr/include/libxml2 -I/usr/include/libxml2 conftest.c  -L. -L/Users/appledev021/.rvm/rubies/ruby-1.9.3-p551/lib -L/usr/local/Cellar/libxml2/2.9.3/lib -L/opt/local/lib -L/usr/local/lib -L/Users/appledev021/.rvm/rubies/ruby-1.9.3-p551/lib -L/usr/lib -L/usr/local/opt/libyaml/lib -L/usr/local/opt/readline/lib -L/usr/local/opt/libksba/lib -L/usr/local/opt/openssl/lib -L. -L/usr/local/lib -L/usr/local/opt/libyaml/lib -L/usr/local/opt/readline/lib -L/usr/local/opt/libksba/lib -L/usr/local/opt/openssl/lib       -lxslt -lxml2 -liconv  -lxslt -lxml2 -lz -lpthread -licucore -lm -lxml2 -lxml2 -lruby.1.9.1 -lexslt -lxslt -lxml2 -liconv  -lxslt -lxml2 -lz -lpthread -licucore -lm -lxml2 -lxml2 -lpthread -ldl -lobjc  "
conftest.c: In function 't':
conftest.c:4:1: warning: implicit declaration of function 'exsltFuncRegister' [-Wimplicit-function-declaration]
 int t() { exsltFuncRegister(); return 0; }
 ^
ld: warning: directory not found for option '-L/usr/local/Cellar/libxml2/2.9.3/lib'
ld: warning: directory not found for option '-L/opt/local/lib'
checked program was:
/* begin */
 1: #include "ruby.h"
 2: 
 3: /*top*/
 4: int t() { exsltFuncRegister(); return 0; }
 5: int main(int argc, char **argv)
 6: {
 7:   if (argc > 1000000) {
 8:     printf("%p", &t);
 9:   }
10: 
11:   return 0;
12: }
/* end */

--------------------

have_func: checking for xmlHasFeature()... -------------------- yes

"/usr/local/bin/gcc-4.9 -o conftest -I/Users/appledev021/.rvm/rubies/ruby-1.9.3-p551/include/ruby-1.9.1/x86_64-darwin14.5.0 -I/Users/appledev021/.rvm/rubies/ruby-1.9.3-p551/include/ruby-1.9.1/ruby/backward -I/Users/appledev021/.rvm/rubies/ruby-1.9.3-p551/include/ruby-1.9.1 -I. -I/usr/local/Cellar/libxml2/2.9.3/include/libxml2 -I/opt/local/include/libxml2 -I/usr/local/include/libxml2 -I/Users/appledev021/.rvm/rubies/ruby-1.9.3-p551/include/libxml2 -I/opt/local/include -I/usr/local/include -I/Users/appledev021/.rvm/rubies/ruby-1.9.3-p551/include -I/usr/include -I/usr/include/libxml2 -D_XOPEN_SOURCE -D_DARWIN_C_SOURCE   -I/usr/local/opt/libyaml/include -I/usr/local/opt/readline/include -I/usr/local/opt/libksba/include -I/usr/local/opt/openssl/include  -O3 -ggdb -Wall -Wextra -Wno-unused-parameter -Wno-parentheses -Wno-long-long -Wno-missing-field-initializers -Wpointer-arith -Wwrite-strings -Wdeclaration-after-statement -Wimplicit-function-declaration  -fno-common -pipe  -g -DXP_UNIX -O3 -Wall -Wcast-qual -Wwrite-strings -Wconversion -Wmissing-noreturn -Winline -I/usr/include/libxml2 -I/usr/include/libxml2 conftest.c  -L. -L/Users/appledev021/.rvm/rubies/ruby-1.9.3-p551/lib -L/usr/local/Cellar/libxml2/2.9.3/lib -L/opt/local/lib -L/usr/local/lib -L/Users/appledev021/.rvm/rubies/ruby-1.9.3-p551/lib -L/usr/lib -L/usr/local/opt/libyaml/lib -L/usr/local/opt/readline/lib -L/usr/local/opt/libksba/lib -L/usr/local/opt/openssl/lib -L. -L/usr/local/lib -L/usr/local/opt/libyaml/lib -L/usr/local/opt/readline/lib -L/usr/local/opt/libksba/lib -L/usr/local/opt/openssl/lib       -lexslt -lxslt -lxml2 -liconv  -lxslt -lxml2 -lz -lpthread -licucore -lm -lxml2 -lxml2 -lruby.1.9.1 -lexslt -lxslt -lxml2 -liconv  -lxslt -lxml2 -lz -lpthread -licucore -lm -lxml2 -lxml2 -lpthread -ldl -lobjc  "
conftest.c: In function 't':
conftest.c:4:53: error: 'xmlHasFeature' undeclared (first use in this function)
 int t() { void ((*volatile p)()); p = (void ((*)()))xmlHasFeature; return 0; }
                                                     ^
conftest.c:4:53: note: each undeclared identifier is reported only once for each function it appears in
conftest.c:4:28: warning: variable 'p' set but not used [-Wunused-but-set-variable]
 int t() { void ((*volatile p)()); p = (void ((*)()))xmlHasFeature; return 0; }
                            ^
checked program was:
/* begin */
 1: #include "ruby.h"
 2: 
 3: /*top*/
 4: int t() { void ((*volatile p)()); p = (void ((*)()))xmlHasFeature; return 0; }
 5: int main(int argc, char **argv)
 6: {
 7:   if (argc > 1000000) {
 8:     printf("%p", &t);
 9:   }
10: 
11:   return 0;
12: }
/* end */

"/usr/local/bin/gcc-4.9 -o conftest -I/Users/appledev021/.rvm/rubies/ruby-1.9.3-p551/include/ruby-1.9.1/x86_64-darwin14.5.0 -I/Users/appledev021/.rvm/rubies/ruby-1.9.3-p551/include/ruby-1.9.1/ruby/backward -I/Users/appledev021/.rvm/rubies/ruby-1.9.3-p551/include/ruby-1.9.1 -I. -I/usr/local/Cellar/libxml2/2.9.3/include/libxml2 -I/opt/local/include/libxml2 -I/usr/local/include/libxml2 -I/Users/appledev021/.rvm/rubies/ruby-1.9.3-p551/include/libxml2 -I/opt/local/include -I/usr/local/include -I/Users/appledev021/.rvm/rubies/ruby-1.9.3-p551/include -I/usr/include -I/usr/include/libxml2 -D_XOPEN_SOURCE -D_DARWIN_C_SOURCE   -I/usr/local/opt/libyaml/include -I/usr/local/opt/readline/include -I/usr/local/opt/libksba/include -I/usr/local/opt/openssl/include  -O3 -ggdb -Wall -Wextra -Wno-unused-parameter -Wno-parentheses -Wno-long-long -Wno-missing-field-initializers -Wpointer-arith -Wwrite-strings -Wdeclaration-after-statement -Wimplicit-function-declaration  -fno-common -pipe  -g -DXP_UNIX -O3 -Wall -Wcast-qual -Wwrite-strings -Wconversion -Wmissing-noreturn -Winline -I/usr/include/libxml2 -I/usr/include/libxml2 conftest.c  -L. -L/Users/appledev021/.rvm/rubies/ruby-1.9.3-p551/lib -L/usr/local/Cellar/libxml2/2.9.3/lib -L/opt/local/lib -L/usr/local/lib -L/Users/appledev021/.rvm/rubies/ruby-1.9.3-p551/lib -L/usr/lib -L/usr/local/opt/libyaml/lib -L/usr/local/opt/readline/lib -L/usr/local/opt/libksba/lib -L/usr/local/opt/openssl/lib -L. -L/usr/local/lib -L/usr/local/opt/libyaml/lib -L/usr/local/opt/readline/lib -L/usr/local/opt/libksba/lib -L/usr/local/opt/openssl/lib       -lexslt -lxslt -lxml2 -liconv  -lxslt -lxml2 -lz -lpthread -licucore -lm -lxml2 -lxml2 -lruby.1.9.1 -lexslt -lxslt -lxml2 -liconv  -lxslt -lxml2 -lz -lpthread -licucore -lm -lxml2 -lxml2 -lpthread -ldl -lobjc  "
conftest.c: In function 't':
conftest.c:4:1: warning: implicit declaration of function 'xmlHasFeature' [-Wimplicit-function-declaration]
 int t() { xmlHasFeature(); return 0; }
 ^
ld: warning: directory not found for option '-L/usr/local/Cellar/libxml2/2.9.3/lib'
ld: warning: directory not found for option '-L/opt/local/lib'
checked program was:
/* begin */
 1: #include "ruby.h"
 2: 
 3: /*top*/
 4: int t() { xmlHasFeature(); return 0; }
 5: int main(int argc, char **argv)
 6: {
 7:   if (argc > 1000000) {
 8:     printf("%p", &t);
 9:   }
10: 
11:   return 0;
12: }
/* end */

--------------------

have_func: checking for xmlFirstElementChild()... -------------------- yes

"/usr/local/bin/gcc-4.9 -o conftest -I/Users/appledev021/.rvm/rubies/ruby-1.9.3-p551/include/ruby-1.9.1/x86_64-darwin14.5.0 -I/Users/appledev021/.rvm/rubies/ruby-1.9.3-p551/include/ruby-1.9.1/ruby/backward -I/Users/appledev021/.rvm/rubies/ruby-1.9.3-p551/include/ruby-1.9.1 -I. -I/usr/local/Cellar/libxml2/2.9.3/include/libxml2 -I/opt/local/include/libxml2 -I/usr/local/include/libxml2 -I/Users/appledev021/.rvm/rubies/ruby-1.9.3-p551/include/libxml2 -I/opt/local/include -I/usr/local/include -I/Users/appledev021/.rvm/rubies/ruby-1.9.3-p551/include -I/usr/include -I/usr/include/libxml2 -D_XOPEN_SOURCE -D_DARWIN_C_SOURCE   -I/usr/local/opt/libyaml/include -I/usr/local/opt/readline/include -I/usr/local/opt/libksba/include -I/usr/local/opt/openssl/include  -O3 -ggdb -Wall -Wextra -Wno-unused-parameter -Wno-parentheses -Wno-long-long -Wno-missing-field-initializers -Wpointer-arith -Wwrite-strings -Wdeclaration-after-statement -Wimplicit-function-declaration  -fno-common -pipe  -g -DXP_UNIX -O3 -Wall -Wcast-qual -Wwrite-strings -Wconversion -Wmissing-noreturn -Winline -I/usr/include/libxml2 -I/usr/include/libxml2 conftest.c  -L. -L/Users/appledev021/.rvm/rubies/ruby-1.9.3-p551/lib -L/usr/local/Cellar/libxml2/2.9.3/lib -L/opt/local/lib -L/usr/local/lib -L/Users/appledev021/.rvm/rubies/ruby-1.9.3-p551/lib -L/usr/lib -L/usr/local/opt/libyaml/lib -L/usr/local/opt/readline/lib -L/usr/local/opt/libksba/lib -L/usr/local/opt/openssl/lib -L. -L/usr/local/lib -L/usr/local/opt/libyaml/lib -L/usr/local/opt/readline/lib -L/usr/local/opt/libksba/lib -L/usr/local/opt/openssl/lib       -lexslt -lxslt -lxml2 -liconv  -lxslt -lxml2 -lz -lpthread -licucore -lm -lxml2 -lxml2 -lruby.1.9.1 -lexslt -lxslt -lxml2 -liconv  -lxslt -lxml2 -lz -lpthread -licucore -lm -lxml2 -lxml2 -lpthread -ldl -lobjc  "
conftest.c: In function 't':
conftest.c:4:53: error: 'xmlFirstElementChild' undeclared (first use in this function)
 int t() { void ((*volatile p)()); p = (void ((*)()))xmlFirstElementChild; return 0; }
                                                     ^
conftest.c:4:53: note: each undeclared identifier is reported only once for each function it appears in
conftest.c:4:28: warning: variable 'p' set but not used [-Wunused-but-set-variable]
 int t() { void ((*volatile p)()); p = (void ((*)()))xmlFirstElementChild; return 0; }
                            ^
checked program was:
/* begin */
 1: #include "ruby.h"
 2: 
 3: /*top*/
 4: int t() { void ((*volatile p)()); p = (void ((*)()))xmlFirstElementChild; return 0; }
 5: int main(int argc, char **argv)
 6: {
 7:   if (argc > 1000000) {
 8:     printf("%p", &t);
 9:   }
10: 
11:   return 0;
12: }
/* end */

"/usr/local/bin/gcc-4.9 -o conftest -I/Users/appledev021/.rvm/rubies/ruby-1.9.3-p551/include/ruby-1.9.1/x86_64-darwin14.5.0 -I/Users/appledev021/.rvm/rubies/ruby-1.9.3-p551/include/ruby-1.9.1/ruby/backward -I/Users/appledev021/.rvm/rubies/ruby-1.9.3-p551/include/ruby-1.9.1 -I. -I/usr/local/Cellar/libxml2/2.9.3/include/libxml2 -I/opt/local/include/libxml2 -I/usr/local/include/libxml2 -I/Users/appledev021/.rvm/rubies/ruby-1.9.3-p551/include/libxml2 -I/opt/local/include -I/usr/local/include -I/Users/appledev021/.rvm/rubies/ruby-1.9.3-p551/include -I/usr/include -I/usr/include/libxml2 -D_XOPEN_SOURCE -D_DARWIN_C_SOURCE   -I/usr/local/opt/libyaml/include -I/usr/local/opt/readline/include -I/usr/local/opt/libksba/include -I/usr/local/opt/openssl/include  -O3 -ggdb -Wall -Wextra -Wno-unused-parameter -Wno-parentheses -Wno-long-long -Wno-missing-field-initializers -Wpointer-arith -Wwrite-strings -Wdeclaration-after-statement -Wimplicit-function-declaration  -fno-common -pipe  -g -DXP_UNIX -O3 -Wall -Wcast-qual -Wwrite-strings -Wconversion -Wmissing-noreturn -Winline -I/usr/include/libxml2 -I/usr/include/libxml2 conftest.c  -L. -L/Users/appledev021/.rvm/rubies/ruby-1.9.3-p551/lib -L/usr/local/Cellar/libxml2/2.9.3/lib -L/opt/local/lib -L/usr/local/lib -L/Users/appledev021/.rvm/rubies/ruby-1.9.3-p551/lib -L/usr/lib -L/usr/local/opt/libyaml/lib -L/usr/local/opt/readline/lib -L/usr/local/opt/libksba/lib -L/usr/local/opt/openssl/lib -L. -L/usr/local/lib -L/usr/local/opt/libyaml/lib -L/usr/local/opt/readline/lib -L/usr/local/opt/libksba/lib -L/usr/local/opt/openssl/lib       -lexslt -lxslt -lxml2 -liconv  -lxslt -lxml2 -lz -lpthread -licucore -lm -lxml2 -lxml2 -lruby.1.9.1 -lexslt -lxslt -lxml2 -liconv  -lxslt -lxml2 -lz -lpthread -licucore -lm -lxml2 -lxml2 -lpthread -ldl -lobjc  "
conftest.c: In function 't':
conftest.c:4:1: warning: implicit declaration of function 'xmlFirstElementChild' [-Wimplicit-function-declaration]
 int t() { xmlFirstElementChild(); return 0; }
 ^
ld: warning: directory not found for option '-L/usr/local/Cellar/libxml2/2.9.3/lib'
ld: warning: directory not found for option '-L/opt/local/lib'
checked program was:
/* begin */
 1: #include "ruby.h"
 2: 
 3: /*top*/
 4: int t() { xmlFirstElementChild(); return 0; }
 5: int main(int argc, char **argv)
 6: {
 7:   if (argc > 1000000) {
 8:     printf("%p", &t);
 9:   }
10: 
11:   return 0;
12: }
/* end */

--------------------

have_func: checking for xmlRelaxNGSetParserStructuredErrors()... -------------------- yes

"/usr/local/bin/gcc-4.9 -o conftest -I/Users/appledev021/.rvm/rubies/ruby-1.9.3-p551/include/ruby-1.9.1/x86_64-darwin14.5.0 -I/Users/appledev021/.rvm/rubies/ruby-1.9.3-p551/include/ruby-1.9.1/ruby/backward -I/Users/appledev021/.rvm/rubies/ruby-1.9.3-p551/include/ruby-1.9.1 -I. -I/usr/local/Cellar/libxml2/2.9.3/include/libxml2 -I/opt/local/include/libxml2 -I/usr/local/include/libxml2 -I/Users/appledev021/.rvm/rubies/ruby-1.9.3-p551/include/libxml2 -I/opt/local/include -I/usr/local/include -I/Users/appledev021/.rvm/rubies/ruby-1.9.3-p551/include -I/usr/include -I/usr/include/libxml2 -D_XOPEN_SOURCE -D_DARWIN_C_SOURCE   -I/usr/local/opt/libyaml/include -I/usr/local/opt/readline/include -I/usr/local/opt/libksba/include -I/usr/local/opt/openssl/include  -O3 -ggdb -Wall -Wextra -Wno-unused-parameter -Wno-parentheses -Wno-long-long -Wno-missing-field-initializers -Wpointer-arith -Wwrite-strings -Wdeclaration-after-statement -Wimplicit-function-declaration  -fno-common -pipe  -g -DXP_UNIX -O3 -Wall -Wcast-qual -Wwrite-strings -Wconversion -Wmissing-noreturn -Winline -I/usr/include/libxml2 -I/usr/include/libxml2 conftest.c  -L. -L/Users/appledev021/.rvm/rubies/ruby-1.9.3-p551/lib -L/usr/local/Cellar/libxml2/2.9.3/lib -L/opt/local/lib -L/usr/local/lib -L/Users/appledev021/.rvm/rubies/ruby-1.9.3-p551/lib -L/usr/lib -L/usr/local/opt/libyaml/lib -L/usr/local/opt/readline/lib -L/usr/local/opt/libksba/lib -L/usr/local/opt/openssl/lib -L. -L/usr/local/lib -L/usr/local/opt/libyaml/lib -L/usr/local/opt/readline/lib -L/usr/local/opt/libksba/lib -L/usr/local/opt/openssl/lib       -lexslt -lxslt -lxml2 -liconv  -lxslt -lxml2 -lz -lpthread -licucore -lm -lxml2 -lxml2 -lruby.1.9.1 -lexslt -lxslt -lxml2 -liconv  -lxslt -lxml2 -lz -lpthread -licucore -lm -lxml2 -lxml2 -lpthread -ldl -lobjc  "
conftest.c: In function 't':
conftest.c:4:53: error: 'xmlRelaxNGSetParserStructuredErrors' undeclared (first use in this function)
 int t() { void ((*volatile p)()); p = (void ((*)()))xmlRelaxNGSetParserStructuredErrors; return 0; }
                                                     ^
conftest.c:4:53: note: each undeclared identifier is reported only once for each function it appears in
conftest.c:4:28: warning: variable 'p' set but not used [-Wunused-but-set-variable]
 int t() { void ((*volatile p)()); p = (void ((*)()))xmlRelaxNGSetParserStructuredErrors; return 0; }
                            ^
checked program was:
/* begin */
 1: #include "ruby.h"
 2: 
 3: /*top*/
 4: int t() { void ((*volatile p)()); p = (void ((*)()))xmlRelaxNGSetParserStructuredErrors; return 0; }
 5: int main(int argc, char **argv)
 6: {
 7:   if (argc > 1000000) {
 8:     printf("%p", &t);
 9:   }
10: 
11:   return 0;
12: }
/* end */

"/usr/local/bin/gcc-4.9 -o conftest -I/Users/appledev021/.rvm/rubies/ruby-1.9.3-p551/include/ruby-1.9.1/x86_64-darwin14.5.0 -I/Users/appledev021/.rvm/rubies/ruby-1.9.3-p551/include/ruby-1.9.1/ruby/backward -I/Users/appledev021/.rvm/rubies/ruby-1.9.3-p551/include/ruby-1.9.1 -I. -I/usr/local/Cellar/libxml2/2.9.3/include/libxml2 -I/opt/local/include/libxml2 -I/usr/local/include/libxml2 -I/Users/appledev021/.rvm/rubies/ruby-1.9.3-p551/include/libxml2 -I/opt/local/include -I/usr/local/include -I/Users/appledev021/.rvm/rubies/ruby-1.9.3-p551/include -I/usr/include -I/usr/include/libxml2 -D_XOPEN_SOURCE -D_DARWIN_C_SOURCE   -I/usr/local/opt/libyaml/include -I/usr/local/opt/readline/include -I/usr/local/opt/libksba/include -I/usr/local/opt/openssl/include  -O3 -ggdb -Wall -Wextra -Wno-unused-parameter -Wno-parentheses -Wno-long-long -Wno-missing-field-initializers -Wpointer-arith -Wwrite-strings -Wdeclaration-after-statement -Wimplicit-function-declaration  -fno-common -pipe  -g -DXP_UNIX -O3 -Wall -Wcast-qual -Wwrite-strings -Wconversion -Wmissing-noreturn -Winline -I/usr/include/libxml2 -I/usr/include/libxml2 conftest.c  -L. -L/Users/appledev021/.rvm/rubies/ruby-1.9.3-p551/lib -L/usr/local/Cellar/libxml2/2.9.3/lib -L/opt/local/lib -L/usr/local/lib -L/Users/appledev021/.rvm/rubies/ruby-1.9.3-p551/lib -L/usr/lib -L/usr/local/opt/libyaml/lib -L/usr/local/opt/readline/lib -L/usr/local/opt/libksba/lib -L/usr/local/opt/openssl/lib -L. -L/usr/local/lib -L/usr/local/opt/libyaml/lib -L/usr/local/opt/readline/lib -L/usr/local/opt/libksba/lib -L/usr/local/opt/openssl/lib       -lexslt -lxslt -lxml2 -liconv  -lxslt -lxml2 -lz -lpthread -licucore -lm -lxml2 -lxml2 -lruby.1.9.1 -lexslt -lxslt -lxml2 -liconv  -lxslt -lxml2 -lz -lpthread -licucore -lm -lxml2 -lxml2 -lpthread -ldl -lobjc  "
conftest.c: In function 't':
conftest.c:4:1: warning: implicit declaration of function 'xmlRelaxNGSetParserStructuredErrors' [-Wimplicit-function-declaration]
 int t() { xmlRelaxNGSetParserStructuredErrors(); return 0; }
 ^
ld: warning: directory not found for option '-L/usr/local/Cellar/libxml2/2.9.3/lib'
ld: warning: directory not found for option '-L/opt/local/lib'
checked program was:
/* begin */
 1: #include "ruby.h"
 2: 
 3: /*top*/
 4: int t() { xmlRelaxNGSetParserStructuredErrors(); return 0; }
 5: int main(int argc, char **argv)
 6: {
 7:   if (argc > 1000000) {
 8:     printf("%p", &t);
 9:   }
10: 
11:   return 0;
12: }
/* end */

--------------------

have_func: checking for xmlRelaxNGSetParserStructuredErrors()... -------------------- yes

"/usr/local/bin/gcc-4.9 -o conftest -I/Users/appledev021/.rvm/rubies/ruby-1.9.3-p551/include/ruby-1.9.1/x86_64-darwin14.5.0 -I/Users/appledev021/.rvm/rubies/ruby-1.9.3-p551/include/ruby-1.9.1/ruby/backward -I/Users/appledev021/.rvm/rubies/ruby-1.9.3-p551/include/ruby-1.9.1 -I. -I/usr/local/Cellar/libxml2/2.9.3/include/libxml2 -I/opt/local/include/libxml2 -I/usr/local/include/libxml2 -I/Users/appledev021/.rvm/rubies/ruby-1.9.3-p551/include/libxml2 -I/opt/local/include -I/usr/local/include -I/Users/appledev021/.rvm/rubies/ruby-1.9.3-p551/include -I/usr/include -I/usr/include/libxml2 -D_XOPEN_SOURCE -D_DARWIN_C_SOURCE   -I/usr/local/opt/libyaml/include -I/usr/local/opt/readline/include -I/usr/local/opt/libksba/include -I/usr/local/opt/openssl/include  -O3 -ggdb -Wall -Wextra -Wno-unused-parameter -Wno-parentheses -Wno-long-long -Wno-missing-field-initializers -Wpointer-arith -Wwrite-strings -Wdeclaration-after-statement -Wimplicit-function-declaration  -fno-common -pipe  -g -DXP_UNIX -O3 -Wall -Wcast-qual -Wwrite-strings -Wconversion -Wmissing-noreturn -Winline -I/usr/include/libxml2 -I/usr/include/libxml2 conftest.c  -L. -L/Users/appledev021/.rvm/rubies/ruby-1.9.3-p551/lib -L/usr/local/Cellar/libxml2/2.9.3/lib -L/opt/local/lib -L/usr/local/lib -L/Users/appledev021/.rvm/rubies/ruby-1.9.3-p551/lib -L/usr/lib -L/usr/local/opt/libyaml/lib -L/usr/local/opt/readline/lib -L/usr/local/opt/libksba/lib -L/usr/local/opt/openssl/lib -L. -L/usr/local/lib -L/usr/local/opt/libyaml/lib -L/usr/local/opt/readline/lib -L/usr/local/opt/libksba/lib -L/usr/local/opt/openssl/lib       -lexslt -lxslt -lxml2 -liconv  -lxslt -lxml2 -lz -lpthread -licucore -lm -lxml2 -lxml2 -lruby.1.9.1 -lexslt -lxslt -lxml2 -liconv  -lxslt -lxml2 -lz -lpthread -licucore -lm -lxml2 -lxml2 -lpthread -ldl -lobjc  "
conftest.c: In function 't':
conftest.c:4:53: error: 'xmlRelaxNGSetParserStructuredErrors' undeclared (first use in this function)
 int t() { void ((*volatile p)()); p = (void ((*)()))xmlRelaxNGSetParserStructuredErrors; return 0; }
                                                     ^
conftest.c:4:53: note: each undeclared identifier is reported only once for each function it appears in
conftest.c:4:28: warning: variable 'p' set but not used [-Wunused-but-set-variable]
 int t() { void ((*volatile p)()); p = (void ((*)()))xmlRelaxNGSetParserStructuredErrors; return 0; }
                            ^
checked program was:
/* begin */
 1: #include "ruby.h"
 2: 
 3: /*top*/
 4: int t() { void ((*volatile p)()); p = (void ((*)()))xmlRelaxNGSetParserStructuredErrors; return 0; }
 5: int main(int argc, char **argv)
 6: {
 7:   if (argc > 1000000) {
 8:     printf("%p", &t);
 9:   }
10: 
11:   return 0;
12: }
/* end */

"/usr/local/bin/gcc-4.9 -o conftest -I/Users/appledev021/.rvm/rubies/ruby-1.9.3-p551/include/ruby-1.9.1/x86_64-darwin14.5.0 -I/Users/appledev021/.rvm/rubies/ruby-1.9.3-p551/include/ruby-1.9.1/ruby/backward -I/Users/appledev021/.rvm/rubies/ruby-1.9.3-p551/include/ruby-1.9.1 -I. -I/usr/local/Cellar/libxml2/2.9.3/include/libxml2 -I/opt/local/include/libxml2 -I/usr/local/include/libxml2 -I/Users/appledev021/.rvm/rubies/ruby-1.9.3-p551/include/libxml2 -I/opt/local/include -I/usr/local/include -I/Users/appledev021/.rvm/rubies/ruby-1.9.3-p551/include -I/usr/include -I/usr/include/libxml2 -D_XOPEN_SOURCE -D_DARWIN_C_SOURCE   -I/usr/local/opt/libyaml/include -I/usr/local/opt/readline/include -I/usr/local/opt/libksba/include -I/usr/local/opt/openssl/include  -O3 -ggdb -Wall -Wextra -Wno-unused-parameter -Wno-parentheses -Wno-long-long -Wno-missing-field-initializers -Wpointer-arith -Wwrite-strings -Wdeclaration-after-statement -Wimplicit-function-declaration  -fno-common -pipe  -g -DXP_UNIX -O3 -Wall -Wcast-qual -Wwrite-strings -Wconversion -Wmissing-noreturn -Winline -I/usr/include/libxml2 -I/usr/include/libxml2 conftest.c  -L. -L/Users/appledev021/.rvm/rubies/ruby-1.9.3-p551/lib -L/usr/local/Cellar/libxml2/2.9.3/lib -L/opt/local/lib -L/usr/local/lib -L/Users/appledev021/.rvm/rubies/ruby-1.9.3-p551/lib -L/usr/lib -L/usr/local/opt/libyaml/lib -L/usr/local/opt/readline/lib -L/usr/local/opt/libksba/lib -L/usr/local/opt/openssl/lib -L. -L/usr/local/lib -L/usr/local/opt/libyaml/lib -L/usr/local/opt/readline/lib -L/usr/local/opt/libksba/lib -L/usr/local/opt/openssl/lib       -lexslt -lxslt -lxml2 -liconv  -lxslt -lxml2 -lz -lpthread -licucore -lm -lxml2 -lxml2 -lruby.1.9.1 -lexslt -lxslt -lxml2 -liconv  -lxslt -lxml2 -lz -lpthread -licucore -lm -lxml2 -lxml2 -lpthread -ldl -lobjc  "
conftest.c: In function 't':
conftest.c:4:1: warning: implicit declaration of function 'xmlRelaxNGSetParserStructuredErrors' [-Wimplicit-function-declaration]
 int t() { xmlRelaxNGSetParserStructuredErrors(); return 0; }
 ^
ld: warning: directory not found for option '-L/usr/local/Cellar/libxml2/2.9.3/lib'
ld: warning: directory not found for option '-L/opt/local/lib'
checked program was:
/* begin */
 1: #include "ruby.h"
 2: 
 3: /*top*/
 4: int t() { xmlRelaxNGSetParserStructuredErrors(); return 0; }
 5: int main(int argc, char **argv)
 6: {
 7:   if (argc > 1000000) {
 8:     printf("%p", &t);
 9:   }
10: 
11:   return 0;
12: }
/* end */

--------------------

have_func: checking for xmlRelaxNGSetValidStructuredErrors()... -------------------- yes

"/usr/local/bin/gcc-4.9 -o conftest -I/Users/appledev021/.rvm/rubies/ruby-1.9.3-p551/include/ruby-1.9.1/x86_64-darwin14.5.0 -I/Users/appledev021/.rvm/rubies/ruby-1.9.3-p551/include/ruby-1.9.1/ruby/backward -I/Users/appledev021/.rvm/rubies/ruby-1.9.3-p551/include/ruby-1.9.1 -I. -I/usr/local/Cellar/libxml2/2.9.3/include/libxml2 -I/opt/local/include/libxml2 -I/usr/local/include/libxml2 -I/Users/appledev021/.rvm/rubies/ruby-1.9.3-p551/include/libxml2 -I/opt/local/include -I/usr/local/include -I/Users/appledev021/.rvm/rubies/ruby-1.9.3-p551/include -I/usr/include -I/usr/include/libxml2 -D_XOPEN_SOURCE -D_DARWIN_C_SOURCE   -I/usr/local/opt/libyaml/include -I/usr/local/opt/readline/include -I/usr/local/opt/libksba/include -I/usr/local/opt/openssl/include  -O3 -ggdb -Wall -Wextra -Wno-unused-parameter -Wno-parentheses -Wno-long-long -Wno-missing-field-initializers -Wpointer-arith -Wwrite-strings -Wdeclaration-after-statement -Wimplicit-function-declaration  -fno-common -pipe  -g -DXP_UNIX -O3 -Wall -Wcast-qual -Wwrite-strings -Wconversion -Wmissing-noreturn -Winline -I/usr/include/libxml2 -I/usr/include/libxml2 conftest.c  -L. -L/Users/appledev021/.rvm/rubies/ruby-1.9.3-p551/lib -L/usr/local/Cellar/libxml2/2.9.3/lib -L/opt/local/lib -L/usr/local/lib -L/Users/appledev021/.rvm/rubies/ruby-1.9.3-p551/lib -L/usr/lib -L/usr/local/opt/libyaml/lib -L/usr/local/opt/readline/lib -L/usr/local/opt/libksba/lib -L/usr/local/opt/openssl/lib -L. -L/usr/local/lib -L/usr/local/opt/libyaml/lib -L/usr/local/opt/readline/lib -L/usr/local/opt/libksba/lib -L/usr/local/opt/openssl/lib       -lexslt -lxslt -lxml2 -liconv  -lxslt -lxml2 -lz -lpthread -licucore -lm -lxml2 -lxml2 -lruby.1.9.1 -lexslt -lxslt -lxml2 -liconv  -lxslt -lxml2 -lz -lpthread -licucore -lm -lxml2 -lxml2 -lpthread -ldl -lobjc  "
conftest.c: In function 't':
conftest.c:4:53: error: 'xmlRelaxNGSetValidStructuredErrors' undeclared (first use in this function)
 int t() { void ((*volatile p)()); p = (void ((*)()))xmlRelaxNGSetValidStructuredErrors; return 0; }
                                                     ^
conftest.c:4:53: note: each undeclared identifier is reported only once for each function it appears in
conftest.c:4:28: warning: variable 'p' set but not used [-Wunused-but-set-variable]
 int t() { void ((*volatile p)()); p = (void ((*)()))xmlRelaxNGSetValidStructuredErrors; return 0; }
                            ^
checked program was:
/* begin */
 1: #include "ruby.h"
 2: 
 3: /*top*/
 4: int t() { void ((*volatile p)()); p = (void ((*)()))xmlRelaxNGSetValidStructuredErrors; return 0; }
 5: int main(int argc, char **argv)
 6: {
 7:   if (argc > 1000000) {
 8:     printf("%p", &t);
 9:   }
10: 
11:   return 0;
12: }
/* end */

"/usr/local/bin/gcc-4.9 -o conftest -I/Users/appledev021/.rvm/rubies/ruby-1.9.3-p551/include/ruby-1.9.1/x86_64-darwin14.5.0 -I/Users/appledev021/.rvm/rubies/ruby-1.9.3-p551/include/ruby-1.9.1/ruby/backward -I/Users/appledev021/.rvm/rubies/ruby-1.9.3-p551/include/ruby-1.9.1 -I. -I/usr/local/Cellar/libxml2/2.9.3/include/libxml2 -I/opt/local/include/libxml2 -I/usr/local/include/libxml2 -I/Users/appledev021/.rvm/rubies/ruby-1.9.3-p551/include/libxml2 -I/opt/local/include -I/usr/local/include -I/Users/appledev021/.rvm/rubies/ruby-1.9.3-p551/include -I/usr/include -I/usr/include/libxml2 -D_XOPEN_SOURCE -D_DARWIN_C_SOURCE   -I/usr/local/opt/libyaml/include -I/usr/local/opt/readline/include -I/usr/local/opt/libksba/include -I/usr/local/opt/openssl/include  -O3 -ggdb -Wall -Wextra -Wno-unused-parameter -Wno-parentheses -Wno-long-long -Wno-missing-field-initializers -Wpointer-arith -Wwrite-strings -Wdeclaration-after-statement -Wimplicit-function-declaration  -fno-common -pipe  -g -DXP_UNIX -O3 -Wall -Wcast-qual -Wwrite-strings -Wconversion -Wmissing-noreturn -Winline -I/usr/include/libxml2 -I/usr/include/libxml2 conftest.c  -L. -L/Users/appledev021/.rvm/rubies/ruby-1.9.3-p551/lib -L/usr/local/Cellar/libxml2/2.9.3/lib -L/opt/local/lib -L/usr/local/lib -L/Users/appledev021/.rvm/rubies/ruby-1.9.3-p551/lib -L/usr/lib -L/usr/local/opt/libyaml/lib -L/usr/local/opt/readline/lib -L/usr/local/opt/libksba/lib -L/usr/local/opt/openssl/lib -L. -L/usr/local/lib -L/usr/local/opt/libyaml/lib -L/usr/local/opt/readline/lib -L/usr/local/opt/libksba/lib -L/usr/local/opt/openssl/lib       -lexslt -lxslt -lxml2 -liconv  -lxslt -lxml2 -lz -lpthread -licucore -lm -lxml2 -lxml2 -lruby.1.9.1 -lexslt -lxslt -lxml2 -liconv  -lxslt -lxml2 -lz -lpthread -licucore -lm -lxml2 -lxml2 -lpthread -ldl -lobjc  "
conftest.c: In function 't':
conftest.c:4:1: warning: implicit declaration of function 'xmlRelaxNGSetValidStructuredErrors' [-Wimplicit-function-declaration]
 int t() { xmlRelaxNGSetValidStructuredErrors(); return 0; }
 ^
ld: warning: directory not found for option '-L/usr/local/Cellar/libxml2/2.9.3/lib'
ld: warning: directory not found for option '-L/opt/local/lib'
checked program was:
/* begin */
 1: #include "ruby.h"
 2: 
 3: /*top*/
 4: int t() { xmlRelaxNGSetValidStructuredErrors(); return 0; }
 5: int main(int argc, char **argv)
 6: {
 7:   if (argc > 1000000) {
 8:     printf("%p", &t);
 9:   }
10: 
11:   return 0;
12: }
/* end */

--------------------

have_func: checking for xmlSchemaSetValidStructuredErrors()... -------------------- yes

"/usr/local/bin/gcc-4.9 -o conftest -I/Users/appledev021/.rvm/rubies/ruby-1.9.3-p551/include/ruby-1.9.1/x86_64-darwin14.5.0 -I/Users/appledev021/.rvm/rubies/ruby-1.9.3-p551/include/ruby-1.9.1/ruby/backward -I/Users/appledev021/.rvm/rubies/ruby-1.9.3-p551/include/ruby-1.9.1 -I. -I/usr/local/Cellar/libxml2/2.9.3/include/libxml2 -I/opt/local/include/libxml2 -I/usr/local/include/libxml2 -I/Users/appledev021/.rvm/rubies/ruby-1.9.3-p551/include/libxml2 -I/opt/local/include -I/usr/local/include -I/Users/appledev021/.rvm/rubies/ruby-1.9.3-p551/include -I/usr/include -I/usr/include/libxml2 -D_XOPEN_SOURCE -D_DARWIN_C_SOURCE   -I/usr/local/opt/libyaml/include -I/usr/local/opt/readline/include -I/usr/local/opt/libksba/include -I/usr/local/opt/openssl/include  -O3 -ggdb -Wall -Wextra -Wno-unused-parameter -Wno-parentheses -Wno-long-long -Wno-missing-field-initializers -Wpointer-arith -Wwrite-strings -Wdeclaration-after-statement -Wimplicit-function-declaration  -fno-common -pipe  -g -DXP_UNIX -O3 -Wall -Wcast-qual -Wwrite-strings -Wconversion -Wmissing-noreturn -Winline -I/usr/include/libxml2 -I/usr/include/libxml2 conftest.c  -L. -L/Users/appledev021/.rvm/rubies/ruby-1.9.3-p551/lib -L/usr/local/Cellar/libxml2/2.9.3/lib -L/opt/local/lib -L/usr/local/lib -L/Users/appledev021/.rvm/rubies/ruby-1.9.3-p551/lib -L/usr/lib -L/usr/local/opt/libyaml/lib -L/usr/local/opt/readline/lib -L/usr/local/opt/libksba/lib -L/usr/local/opt/openssl/lib -L. -L/usr/local/lib -L/usr/local/opt/libyaml/lib -L/usr/local/opt/readline/lib -L/usr/local/opt/libksba/lib -L/usr/local/opt/openssl/lib       -lexslt -lxslt -lxml2 -liconv  -lxslt -lxml2 -lz -lpthread -licucore -lm -lxml2 -lxml2 -lruby.1.9.1 -lexslt -lxslt -lxml2 -liconv  -lxslt -lxml2 -lz -lpthread -licucore -lm -lxml2 -lxml2 -lpthread -ldl -lobjc  "
conftest.c: In function 't':
conftest.c:4:53: error: 'xmlSchemaSetValidStructuredErrors' undeclared (first use in this function)
 int t() { void ((*volatile p)()); p = (void ((*)()))xmlSchemaSetValidStructuredErrors; return 0; }
                                                     ^
conftest.c:4:53: note: each undeclared identifier is reported only once for each function it appears in
conftest.c:4:28: warning: variable 'p' set but not used [-Wunused-but-set-variable]
 int t() { void ((*volatile p)()); p = (void ((*)()))xmlSchemaSetValidStructuredErrors; return 0; }
                            ^
checked program was:
/* begin */
 1: #include "ruby.h"
 2: 
 3: /*top*/
 4: int t() { void ((*volatile p)()); p = (void ((*)()))xmlSchemaSetValidStructuredErrors; return 0; }
 5: int main(int argc, char **argv)
 6: {
 7:   if (argc > 1000000) {
 8:     printf("%p", &t);
 9:   }
10: 
11:   return 0;
12: }
/* end */

"/usr/local/bin/gcc-4.9 -o conftest -I/Users/appledev021/.rvm/rubies/ruby-1.9.3-p551/include/ruby-1.9.1/x86_64-darwin14.5.0 -I/Users/appledev021/.rvm/rubies/ruby-1.9.3-p551/include/ruby-1.9.1/ruby/backward -I/Users/appledev021/.rvm/rubies/ruby-1.9.3-p551/include/ruby-1.9.1 -I. -I/usr/local/Cellar/libxml2/2.9.3/include/libxml2 -I/opt/local/include/libxml2 -I/usr/local/include/libxml2 -I/Users/appledev021/.rvm/rubies/ruby-1.9.3-p551/include/libxml2 -I/opt/local/include -I/usr/local/include -I/Users/appledev021/.rvm/rubies/ruby-1.9.3-p551/include -I/usr/include -I/usr/include/libxml2 -D_XOPEN_SOURCE -D_DARWIN_C_SOURCE   -I/usr/local/opt/libyaml/include -I/usr/local/opt/readline/include -I/usr/local/opt/libksba/include -I/usr/local/opt/openssl/include  -O3 -ggdb -Wall -Wextra -Wno-unused-parameter -Wno-parentheses -Wno-long-long -Wno-missing-field-initializers -Wpointer-arith -Wwrite-strings -Wdeclaration-after-statement -Wimplicit-function-declaration  -fno-common -pipe  -g -DXP_UNIX -O3 -Wall -Wcast-qual -Wwrite-strings -Wconversion -Wmissing-noreturn -Winline -I/usr/include/libxml2 -I/usr/include/libxml2 conftest.c  -L. -L/Users/appledev021/.rvm/rubies/ruby-1.9.3-p551/lib -L/usr/local/Cellar/libxml2/2.9.3/lib -L/opt/local/lib -L/usr/local/lib -L/Users/appledev021/.rvm/rubies/ruby-1.9.3-p551/lib -L/usr/lib -L/usr/local/opt/libyaml/lib -L/usr/local/opt/readline/lib -L/usr/local/opt/libksba/lib -L/usr/local/opt/openssl/lib -L. -L/usr/local/lib -L/usr/local/opt/libyaml/lib -L/usr/local/opt/readline/lib -L/usr/local/opt/libksba/lib -L/usr/local/opt/openssl/lib       -lexslt -lxslt -lxml2 -liconv  -lxslt -lxml2 -lz -lpthread -licucore -lm -lxml2 -lxml2 -lruby.1.9.1 -lexslt -lxslt -lxml2 -liconv  -lxslt -lxml2 -lz -lpthread -licucore -lm -lxml2 -lxml2 -lpthread -ldl -lobjc  "
conftest.c: In function 't':
conftest.c:4:1: warning: implicit declaration of function 'xmlSchemaSetValidStructuredErrors' [-Wimplicit-function-declaration]
 int t() { xmlSchemaSetValidStructuredErrors(); return 0; }
 ^
ld: warning: directory not found for option '-L/usr/local/Cellar/libxml2/2.9.3/lib'
ld: warning: directory not found for option '-L/opt/local/lib'
checked program was:
/* begin */
 1: #include "ruby.h"
 2: 
 3: /*top*/
 4: int t() { xmlSchemaSetValidStructuredErrors(); return 0; }
 5: int main(int argc, char **argv)
 6: {
 7:   if (argc > 1000000) {
 8:     printf("%p", &t);
 9:   }
10: 
11:   return 0;
12: }
/* end */

--------------------

have_func: checking for xmlSchemaSetParserStructuredErrors()... -------------------- yes

"/usr/local/bin/gcc-4.9 -o conftest -I/Users/appledev021/.rvm/rubies/ruby-1.9.3-p551/include/ruby-1.9.1/x86_64-darwin14.5.0 -I/Users/appledev021/.rvm/rubies/ruby-1.9.3-p551/include/ruby-1.9.1/ruby/backward -I/Users/appledev021/.rvm/rubies/ruby-1.9.3-p551/include/ruby-1.9.1 -I. -I/usr/local/Cellar/libxml2/2.9.3/include/libxml2 -I/opt/local/include/libxml2 -I/usr/local/include/libxml2 -I/Users/appledev021/.rvm/rubies/ruby-1.9.3-p551/include/libxml2 -I/opt/local/include -I/usr/local/include -I/Users/appledev021/.rvm/rubies/ruby-1.9.3-p551/include -I/usr/include -I/usr/include/libxml2 -D_XOPEN_SOURCE -D_DARWIN_C_SOURCE   -I/usr/local/opt/libyaml/include -I/usr/local/opt/readline/include -I/usr/local/opt/libksba/include -I/usr/local/opt/openssl/include  -O3 -ggdb -Wall -Wextra -Wno-unused-parameter -Wno-parentheses -Wno-long-long -Wno-missing-field-initializers -Wpointer-arith -Wwrite-strings -Wdeclaration-after-statement -Wimplicit-function-declaration  -fno-common -pipe  -g -DXP_UNIX -O3 -Wall -Wcast-qual -Wwrite-strings -Wconversion -Wmissing-noreturn -Winline -I/usr/include/libxml2 -I/usr/include/libxml2 conftest.c  -L. -L/Users/appledev021/.rvm/rubies/ruby-1.9.3-p551/lib -L/usr/local/Cellar/libxml2/2.9.3/lib -L/opt/local/lib -L/usr/local/lib -L/Users/appledev021/.rvm/rubies/ruby-1.9.3-p551/lib -L/usr/lib -L/usr/local/opt/libyaml/lib -L/usr/local/opt/readline/lib -L/usr/local/opt/libksba/lib -L/usr/local/opt/openssl/lib -L. -L/usr/local/lib -L/usr/local/opt/libyaml/lib -L/usr/local/opt/readline/lib -L/usr/local/opt/libksba/lib -L/usr/local/opt/openssl/lib       -lexslt -lxslt -lxml2 -liconv  -lxslt -lxml2 -lz -lpthread -licucore -lm -lxml2 -lxml2 -lruby.1.9.1 -lexslt -lxslt -lxml2 -liconv  -lxslt -lxml2 -lz -lpthread -licucore -lm -lxml2 -lxml2 -lpthread -ldl -lobjc  "
conftest.c: In function 't':
conftest.c:4:53: error: 'xmlSchemaSetParserStructuredErrors' undeclared (first use in this function)
 int t() { void ((*volatile p)()); p = (void ((*)()))xmlSchemaSetParserStructuredErrors; return 0; }
                                                     ^
conftest.c:4:53: note: each undeclared identifier is reported only once for each function it appears in
conftest.c:4:28: warning: variable 'p' set but not used [-Wunused-but-set-variable]
 int t() { void ((*volatile p)()); p = (void ((*)()))xmlSchemaSetParserStructuredErrors; return 0; }
                            ^
checked program was:
/* begin */
 1: #include "ruby.h"
 2: 
 3: /*top*/
 4: int t() { void ((*volatile p)()); p = (void ((*)()))xmlSchemaSetParserStructuredErrors; return 0; }
 5: int main(int argc, char **argv)
 6: {
 7:   if (argc > 1000000) {
 8:     printf("%p", &t);
 9:   }
10: 
11:   return 0;
12: }
/* end */

"/usr/local/bin/gcc-4.9 -o conftest -I/Users/appledev021/.rvm/rubies/ruby-1.9.3-p551/include/ruby-1.9.1/x86_64-darwin14.5.0 -I/Users/appledev021/.rvm/rubies/ruby-1.9.3-p551/include/ruby-1.9.1/ruby/backward -I/Users/appledev021/.rvm/rubies/ruby-1.9.3-p551/include/ruby-1.9.1 -I. -I/usr/local/Cellar/libxml2/2.9.3/include/libxml2 -I/opt/local/include/libxml2 -I/usr/local/include/libxml2 -I/Users/appledev021/.rvm/rubies/ruby-1.9.3-p551/include/libxml2 -I/opt/local/include -I/usr/local/include -I/Users/appledev021/.rvm/rubies/ruby-1.9.3-p551/include -I/usr/include -I/usr/include/libxml2 -D_XOPEN_SOURCE -D_DARWIN_C_SOURCE   -I/usr/local/opt/libyaml/include -I/usr/local/opt/readline/include -I/usr/local/opt/libksba/include -I/usr/local/opt/openssl/include  -O3 -ggdb -Wall -Wextra -Wno-unused-parameter -Wno-parentheses -Wno-long-long -Wno-missing-field-initializers -Wpointer-arith -Wwrite-strings -Wdeclaration-after-statement -Wimplicit-function-declaration  -fno-common -pipe  -g -DXP_UNIX -O3 -Wall -Wcast-qual -Wwrite-strings -Wconversion -Wmissing-noreturn -Winline -I/usr/include/libxml2 -I/usr/include/libxml2 conftest.c  -L. -L/Users/appledev021/.rvm/rubies/ruby-1.9.3-p551/lib -L/usr/local/Cellar/libxml2/2.9.3/lib -L/opt/local/lib -L/usr/local/lib -L/Users/appledev021/.rvm/rubies/ruby-1.9.3-p551/lib -L/usr/lib -L/usr/local/opt/libyaml/lib -L/usr/local/opt/readline/lib -L/usr/local/opt/libksba/lib -L/usr/local/opt/openssl/lib -L. -L/usr/local/lib -L/usr/local/opt/libyaml/lib -L/usr/local/opt/readline/lib -L/usr/local/opt/libksba/lib -L/usr/local/opt/openssl/lib       -lexslt -lxslt -lxml2 -liconv  -lxslt -lxml2 -lz -lpthread -licucore -lm -lxml2 -lxml2 -lruby.1.9.1 -lexslt -lxslt -lxml2 -liconv  -lxslt -lxml2 -lz -lpthread -licucore -lm -lxml2 -lxml2 -lpthread -ldl -lobjc  "
conftest.c: In function 't':
conftest.c:4:1: warning: implicit declaration of function 'xmlSchemaSetParserStructuredErrors' [-Wimplicit-function-declaration]
 int t() { xmlSchemaSetParserStructuredErrors(); return 0; }
 ^
ld: warning: directory not found for option '-L/usr/local/Cellar/libxml2/2.9.3/lib'
ld: warning: directory not found for option '-L/opt/local/lib'
checked program was:
/* begin */
 1: #include "ruby.h"
 2: 
 3: /*top*/
 4: int t() { xmlSchemaSetParserStructuredErrors(); return 0; }
 5: int main(int argc, char **argv)
 6: {
 7:   if (argc > 1000000) {
 8:     printf("%p", &t);
 9:   }
10: 
11:   return 0;
12: }
/* end */

--------------------

